2016-05-15 12:31:04,089 [Thread-3:7896] [django.request:182] [base:get_response] [WARNING]- Not Found: /images/a1.jpg
2016-05-15 12:31:04,099 [Thread-4:2016] [django.request:182] [base:get_response] [WARNING]- Not Found: /images/a2.jpg
2016-05-15 12:31:04,101 [Thread-5:4676] [django.request:182] [base:get_response] [WARNING]- Not Found: /images/a3.jpg
2016-05-15 12:31:04,108 [Thread-7:1256] [django.request:182] [base:get_response] [WARNING]- Not Found: /images/a4.jpg
2016-05-15 12:31:04,114 [Thread-6:2360] [django.request:182] [base:get_response] [WARNING]- Not Found: /js/nav.js
2016-05-15 12:31:04,155 [Thread-8:992] [django.request:182] [base:get_response] [WARNING]- Not Found: /images/a1.jpg
2016-05-15 13:21:16,551 [Thread-11:4760] [django.request:182] [base:get_response] [WARNING]- Not Found: /images/a1.jpg
2016-05-15 13:21:16,559 [Thread-12:5220] [django.request:182] [base:get_response] [WARNING]- Not Found: /images/a2.jpg
2016-05-15 13:21:16,566 [Thread-13:6328] [django.request:182] [base:get_response] [WARNING]- Not Found: /images/a3.jpg
2016-05-15 13:21:16,572 [Thread-15:3744] [django.request:182] [base:get_response] [WARNING]- Not Found: /images/a4.jpg
2016-05-15 13:21:16,582 [Thread-14:8620] [django.request:182] [base:get_response] [WARNING]- Not Found: /js/nav.js
2016-05-15 13:21:16,634 [Thread-16:6700] [django.request:182] [base:get_response] [WARNING]- Not Found: /images/a1.jpg
2016-05-15 13:21:16,644 [Thread-17:8404] [django.request:182] [base:get_response] [WARNING]- Not Found: /images/a3.jpg
2016-05-15 13:21:16,644 [Thread-18:6460] [django.request:182] [base:get_response] [WARNING]- Not Found: /images/a2.jpg
2016-05-15 13:25:18,030 [Thread-23:4084] [django.request:182] [base:get_response] [WARNING]- Not Found: /js/nav.js
2016-05-15 13:25:18,039 [Thread-24:1988] [django.request:182] [base:get_response] [WARNING]- Not Found: /images/a1.jpg
2016-05-15 13:25:18,045 [Thread-25:4680] [django.request:182] [base:get_response] [WARNING]- Not Found: /images/a2.jpg
2016-05-15 13:25:18,046 [Thread-26:6996] [django.request:182] [base:get_response] [WARNING]- Not Found: /images/a4.jpg
2016-05-15 13:25:18,049 [Thread-27:8976] [django.request:182] [base:get_response] [WARNING]- Not Found: /images/a3.jpg
2016-05-15 13:25:18,094 [Thread-28:9136] [django.request:182] [base:get_response] [WARNING]- Not Found: /js/nav.js
2016-05-15 13:25:18,108 [Thread-29:4572] [django.request:182] [base:get_response] [WARNING]- Not Found: /images/a1.jpg
2016-05-15 13:25:18,117 [Thread-30:8044] [django.request:182] [base:get_response] [WARNING]- Not Found: /images/a3.jpg
2016-05-15 13:25:18,121 [Thread-31:5076] [django.request:182] [base:get_response] [WARNING]- Not Found: /images/a2.jpg
2016-05-15 13:25:18,122 [Thread-32:6112] [django.request:182] [base:get_response] [WARNING]- Not Found: /images/a4.jpg
2016-05-15 13:28:47,928 [Thread-3:2932] [django.request:182] [base:get_response] [WARNING]- Not Found: /js/nav.js
2016-05-15 13:28:47,944 [Thread-4:408] [django.request:182] [base:get_response] [WARNING]- Not Found: /images/a1.jpg
2016-05-15 13:28:47,956 [Thread-5:4280] [django.request:182] [base:get_response] [WARNING]- Not Found: /images/a2.jpg
2016-05-15 13:28:47,957 [Thread-6:3624] [django.request:182] [base:get_response] [WARNING]- Not Found: /images/a3.jpg
2016-05-15 13:28:47,963 [Thread-7:4988] [django.request:182] [base:get_response] [WARNING]- Not Found: /images/a4.jpg
2016-05-15 13:29:05,187 [Thread-10:1928] [django.request:182] [base:get_response] [WARNING]- Not Found: /js/nav.js
2016-05-15 13:29:05,227 [Thread-11:7016] [django.request:182] [base:get_response] [WARNING]- Not Found: /images/a1.jpg
2016-05-15 13:29:05,259 [Thread-12:2896] [django.request:182] [base:get_response] [WARNING]- Not Found: /images/a2.jpg
2016-05-15 13:29:05,269 [Thread-13:1180] [django.request:182] [base:get_response] [WARNING]- Not Found: /images/a4.jpg
2016-05-15 13:29:05,276 [Thread-14:6264] [django.request:182] [base:get_response] [WARNING]- Not Found: /images/a3.jpg
2016-05-15 13:29:08,319 [Thread-16:3740] [django.request:182] [base:get_response] [WARNING]- Not Found: /js/nav.js
2016-05-15 13:29:08,331 [Thread-17:2404] [django.request:182] [base:get_response] [WARNING]- Not Found: /images/a1.jpg
2016-05-15 13:29:08,339 [Thread-18:2256] [django.request:182] [base:get_response] [WARNING]- Not Found: /images/a2.jpg
2016-05-15 13:29:08,354 [Thread-19:5764] [django.request:182] [base:get_response] [WARNING]- Not Found: /images/a3.jpg
2016-05-15 13:29:08,355 [Thread-20:5664] [django.request:182] [base:get_response] [WARNING]- Not Found: /images/a4.jpg
2016-05-15 13:29:08,377 [Thread-21:7172] [django.request:182] [base:get_response] [WARNING]- Not Found: /js/nav.js
2016-05-15 13:29:08,398 [Thread-22:1316] [django.request:182] [base:get_response] [WARNING]- Not Found: /images/a1.jpg
2016-05-15 13:29:08,440 [Thread-23:6460] [django.request:182] [base:get_response] [WARNING]- Not Found: /images/a2.jpg
2016-05-15 13:29:08,440 [Thread-24:5304] [django.request:182] [base:get_response] [WARNING]- Not Found: /images/a3.jpg
2016-05-15 13:29:08,453 [Thread-25:4072] [django.request:182] [base:get_response] [WARNING]- Not Found: /images/a4.jpg
2016-05-15 13:29:44,174 [Thread-32:8868] [django.request:284] [base:handle_uncaught_exception] [ERROR]- Internal Server Error: /admin/login/
Traceback (most recent call last):
  File "E:\workspace\blog_project_venv\lib\site-packages\django\core\handlers\base.py", line 149, in get_response
    response = self.process_exception_by_middleware(e, request)
  File "E:\workspace\blog_project_venv\lib\site-packages\django\core\handlers\base.py", line 147, in get_response
    response = wrapped_callback(request, *callback_args, **callback_kwargs)
  File "E:\workspace\blog_project_venv\lib\site-packages\django\views\decorators\cache.py", line 57, in _wrapped_view_func
    response = view_func(request, *args, **kwargs)
  File "E:\workspace\blog_project_venv\lib\site-packages\django\contrib\admin\sites.py", line 413, in login
    return login(request, **defaults)
  File "E:\workspace\blog_project_venv\lib\site-packages\django\contrib\auth\views.py", line 49, in inner
    return func(*args, **kwargs)
  File "E:\workspace\blog_project_venv\lib\site-packages\django\views\decorators\debug.py", line 76, in sensitive_post_parameters_wrapper
    return view(request, *args, **kwargs)
  File "E:\workspace\blog_project_venv\lib\site-packages\django\utils\decorators.py", line 149, in _wrapped_view
    response = view_func(request, *args, **kwargs)
  File "E:\workspace\blog_project_venv\lib\site-packages\django\views\decorators\cache.py", line 57, in _wrapped_view_func
    response = view_func(request, *args, **kwargs)
  File "E:\workspace\blog_project_venv\lib\site-packages\django\contrib\auth\views.py", line 69, in login
    if form.is_valid():
  File "E:\workspace\blog_project_venv\lib\site-packages\django\forms\forms.py", line 161, in is_valid
    return self.is_bound and not self.errors
  File "E:\workspace\blog_project_venv\lib\site-packages\django\forms\forms.py", line 153, in errors
    self.full_clean()
  File "E:\workspace\blog_project_venv\lib\site-packages\django\forms\forms.py", line 363, in full_clean
    self._clean_form()
  File "E:\workspace\blog_project_venv\lib\site-packages\django\forms\forms.py", line 390, in _clean_form
    cleaned_data = self.clean()
  File "E:\workspace\blog_project_venv\lib\site-packages\django\contrib\auth\forms.py", line 161, in clean
    password=password)
  File "E:\workspace\blog_project_venv\lib\site-packages\django\contrib\auth\__init__.py", line 74, in authenticate
    user = backend.authenticate(**credentials)
  File "E:\workspace\blog_project_venv\lib\site-packages\django\contrib\auth\backends.py", line 17, in authenticate
    user = UserModel._default_manager.get_by_natural_key(username)
  File "E:\workspace\blog_project_venv\lib\site-packages\django\contrib\auth\base_user.py", line 45, in get_by_natural_key
    return self.get(**{self.model.USERNAME_FIELD: username})
  File "E:\workspace\blog_project_venv\lib\site-packages\django\db\models\manager.py", line 122, in manager_method
    return getattr(self.get_queryset(), name)(*args, **kwargs)
  File "E:\workspace\blog_project_venv\lib\site-packages\django\db\models\query.py", line 381, in get
    num = len(clone)
  File "E:\workspace\blog_project_venv\lib\site-packages\django\db\models\query.py", line 240, in __len__
    self._fetch_all()
  File "E:\workspace\blog_project_venv\lib\site-packages\django\db\models\query.py", line 1074, in _fetch_all
    self._result_cache = list(self.iterator())
  File "E:\workspace\blog_project_venv\lib\site-packages\django\db\models\query.py", line 52, in __iter__
    results = compiler.execute_sql()
  File "E:\workspace\blog_project_venv\lib\site-packages\django\db\models\sql\compiler.py", line 848, in execute_sql
    cursor.execute(sql, params)
  File "E:\workspace\blog_project_venv\lib\site-packages\django\db\backends\utils.py", line 79, in execute
    return super(CursorDebugWrapper, self).execute(sql, params)
  File "E:\workspace\blog_project_venv\lib\site-packages\django\db\backends\utils.py", line 64, in execute
    return self.cursor.execute(sql, params)
  File "E:\workspace\blog_project_venv\lib\site-packages\django\db\utils.py", line 95, in __exit__
    six.reraise(dj_exc_type, dj_exc_value, traceback)
  File "E:\workspace\blog_project_venv\lib\site-packages\django\db\backends\utils.py", line 64, in execute
    return self.cursor.execute(sql, params)
  File "E:\workspace\blog_project_venv\lib\site-packages\django\db\backends\sqlite3\base.py", line 323, in execute
    return Database.Cursor.execute(self, query, params)
OperationalError: no such table: auth_user
2016-05-15 13:34:52,846 [Thread-3:3984] [django.request:182] [base:get_response] [WARNING]- Not Found: /images/a1.jpg
2016-05-15 13:34:52,867 [Thread-4:6836] [django.request:182] [base:get_response] [WARNING]- Not Found: /images/a2.jpg
2016-05-15 13:34:52,871 [Thread-5:3232] [django.request:182] [base:get_response] [WARNING]- Not Found: /js/nav.js
2016-05-15 13:34:52,874 [Thread-6:9080] [django.request:182] [base:get_response] [WARNING]- Not Found: /images/a4.jpg
2016-05-15 13:34:52,875 [Thread-7:3948] [django.request:182] [base:get_response] [WARNING]- Not Found: /images/a3.jpg
2016-05-15 13:34:52,908 [Thread-8:1304] [django.request:182] [base:get_response] [WARNING]- Not Found: /images/a1.jpg
2016-05-15 13:34:52,956 [Thread-9:6992] [django.request:182] [base:get_response] [WARNING]- Not Found: /images/a2.jpg
2016-05-15 13:34:52,997 [Thread-10:1060] [django.request:182] [base:get_response] [WARNING]- Not Found: /favicon.ico
2016-05-15 13:34:53,020 [Thread-11:8344] [django.request:182] [base:get_response] [WARNING]- Not Found: /favicon.ico
2016-05-15 13:35:13,661 [Thread-12:8280] [django.request:182] [base:get_response] [WARNING]- Not Found: /index.html
2016-05-15 13:38:40,990 [Thread-14:4844] [django.request:182] [base:get_response] [WARNING]- Not Found: /index.html
2016-05-22 20:38:57,278 [Thread-8:8664] [django.request:170] [base:get_response] [WARNING]- Not Found: /favicon.ico
2016-05-22 20:38:57,289 [Thread-9:7748] [django.request:170] [base:get_response] [WARNING]- Not Found: /favicon.ico
2016-05-23 17:09:54,359 [Thread-9:8980] [django.request:170] [base:get_response] [WARNING]- Not Found: /favicon.ico
2016-05-23 17:09:54,362 [Thread-10:5336] [django.request:170] [base:get_response] [WARNING]- Not Found: /favicon.ico
2016-05-23 17:11:48,464 [Thread-27:196] [django.request:170] [base:get_response] [WARNING]- Not Found: /adminn
2016-05-23 17:55:47,790 [Thread-6:9828] [django.request:170] [base:get_response] [WARNING]- Not Found: /js/nav.js
2016-05-23 17:55:48,548 [Thread-8:9664] [django.request:170] [base:get_response] [WARNING]- Not Found: /images/a1.jpg
2016-05-23 17:55:48,556 [Thread-9:9148] [django.request:170] [base:get_response] [WARNING]- Not Found: /images/a2.jpg
2016-05-23 17:55:48,565 [Thread-10:9792] [django.request:170] [base:get_response] [WARNING]- Not Found: /images/a3.jpg
2016-05-23 17:55:48,572 [Thread-11:5388] [django.request:170] [base:get_response] [WARNING]- Not Found: /images/a4.jpg
2016-05-23 17:55:48,619 [Thread-12:5212] [django.request:170] [base:get_response] [WARNING]- Not Found: /js/nav.js
2016-05-23 17:55:48,660 [Thread-13:8980] [django.request:170] [base:get_response] [WARNING]- Not Found: /images/a1.jpg
2016-05-23 17:55:48,664 [Thread-14:1056] [django.request:170] [base:get_response] [WARNING]- Not Found: /images/a2.jpg
2016-05-23 17:55:48,680 [Thread-15:7680] [django.request:170] [base:get_response] [WARNING]- Not Found: /images/a3.jpg
2016-05-23 17:55:48,696 [Thread-16:2388] [django.request:170] [base:get_response] [WARNING]- Not Found: /images/a4.jpg
2016-05-23 17:56:04,437 [Thread-44:6008] [django.request:170] [base:get_response] [WARNING]- Not Found: /images/a1.jpg
2016-05-23 17:56:04,450 [Thread-45:9828] [django.request:170] [base:get_response] [WARNING]- Not Found: /js/nav.js
2016-05-23 17:56:04,457 [Thread-46:9344] [django.request:170] [base:get_response] [WARNING]- Not Found: /images/a2.jpg
2016-05-23 17:56:04,463 [Thread-47:9884] [django.request:170] [base:get_response] [WARNING]- Not Found: /images/a3.jpg
2016-05-23 17:56:04,463 [Thread-48:9908] [django.request:170] [base:get_response] [WARNING]- Not Found: /images/a4.jpg
2016-05-23 17:56:12,743 [Thread-66:9504] [django.request:170] [base:get_response] [WARNING]- Not Found: /js/nav.js
2016-05-23 17:56:12,750 [Thread-68:5268] [django.request:170] [base:get_response] [WARNING]- Not Found: /images/a1.jpg
2016-05-23 17:56:12,752 [Thread-67:232] [django.request:170] [base:get_response] [WARNING]- Not Found: /images/a2.jpg
2016-05-23 17:56:12,753 [Thread-71:296] [django.request:170] [base:get_response] [WARNING]- Not Found: /images/a3.jpg
2016-05-23 17:56:12,753 [Thread-70:3068] [django.request:170] [base:get_response] [WARNING]- Not Found: /images/a4.jpg
2016-05-23 17:56:18,190 [Thread-74:5672] [django.request:170] [base:get_response] [WARNING]- Not Found: /js/nav.js
2016-05-23 17:56:18,200 [Thread-75:6928] [django.request:170] [base:get_response] [WARNING]- Not Found: /images/a1.jpg
2016-05-23 17:56:18,207 [Thread-76:6348] [django.request:170] [base:get_response] [WARNING]- Not Found: /images/a3.jpg
2016-05-23 17:56:18,209 [Thread-77:9748] [django.request:170] [base:get_response] [WARNING]- Not Found: /images/a2.jpg
2016-05-23 17:56:18,210 [Thread-78:7324] [django.request:170] [base:get_response] [WARNING]- Not Found: /images/a4.jpg
2016-05-23 17:56:18,436 [Thread-79:5020] [django.request:170] [base:get_response] [WARNING]- Not Found: /js/nav.js
2016-05-23 17:56:18,473 [Thread-80:9248] [django.request:170] [base:get_response] [WARNING]- Not Found: /images/a1.jpg
2016-05-23 17:56:18,479 [Thread-81:9424] [django.request:170] [base:get_response] [WARNING]- Not Found: /images/a2.jpg
2016-05-23 17:56:18,480 [Thread-82:8804] [django.request:170] [base:get_response] [WARNING]- Not Found: /images/a3.jpg
2016-05-23 17:56:18,480 [Thread-83:8860] [django.request:170] [base:get_response] [WARNING]- Not Found: /images/a4.jpg
2016-05-23 19:42:23,884 [Thread-2:3144] [django.request:256] [base:handle_uncaught_exception] [ERROR]- Internal Server Error: /
Traceback (most recent call last):
  File "E:\workspace\blog_project_venv\lib\site-packages\django-1.8.2-py2.7.egg\django\core\handlers\base.py", line 132, in get_response
    response = wrapped_callback(request, *callback_args, **callback_kwargs)
  File "E:\workspace\blog_project\blog\views.py", line 19, in index
    return render(request,'index.html',locals())
  File "E:\workspace\blog_project_venv\lib\site-packages\django-1.8.2-py2.7.egg\django\shortcuts.py", line 67, in render
    template_name, context, request=request, using=using)
  File "E:\workspace\blog_project_venv\lib\site-packages\django-1.8.2-py2.7.egg\django\template\loader.py", line 99, in render_to_string
    return template.render(context, request)
  File "E:\workspace\blog_project_venv\lib\site-packages\django-1.8.2-py2.7.egg\django\template\backends\django.py", line 74, in render
    return self.template.render(context)
  File "E:\workspace\blog_project_venv\lib\site-packages\django-1.8.2-py2.7.egg\django\template\base.py", line 209, in render
    return self._render(context)
  File "E:\workspace\blog_project_venv\lib\site-packages\django-1.8.2-py2.7.egg\django\template\base.py", line 201, in _render
    return self.nodelist.render(context)
  File "E:\workspace\blog_project_venv\lib\site-packages\django-1.8.2-py2.7.egg\django\template\base.py", line 903, in render
    bit = self.render_node(node, context)
  File "E:\workspace\blog_project_venv\lib\site-packages\django-1.8.2-py2.7.egg\django\template\debug.py", line 79, in render_node
    return node.render(context)
  File "E:\workspace\blog_project_venv\lib\site-packages\django-1.8.2-py2.7.egg\django\templatetags\static.py", line 105, in render
    url = self.url(context)
  File "E:\workspace\blog_project_venv\lib\site-packages\django-1.8.2-py2.7.egg\django\contrib\staticfiles\templatetags\staticfiles.py", line 16, in url
    return static(path)
  File "E:\workspace\blog_project_venv\lib\site-packages\django-1.8.2-py2.7.egg\django\contrib\staticfiles\templatetags\staticfiles.py", line 9, in static
    return staticfiles_storage.url(path)
  File "E:\workspace\blog_project_venv\lib\site-packages\django-1.8.2-py2.7.egg\django\utils\functional.py", line 226, in inner
    self._setup()
  File "E:\workspace\blog_project_venv\lib\site-packages\django-1.8.2-py2.7.egg\django\contrib\staticfiles\storage.py", line 394, in _setup
    self._wrapped = get_storage_class(settings.STATICFILES_STORAGE)()
  File "E:\workspace\blog_project_venv\lib\site-packages\django-1.8.2-py2.7.egg\django\contrib\staticfiles\storage.py", line 39, in __init__
    *args, **kwargs)
  File "E:\workspace\blog_project_venv\lib\site-packages\django-1.8.2-py2.7.egg\django\core\files\storage.py", line 186, in __init__
    self.location = abspathu(self.base_location)
  File "E:\workspace\blog_project_venv\lib\ntpath.py", line 488, in abspath
    path = _getfullpathname(path)
TypeError: coercing to Unicode: need string or buffer, tuple found
2016-05-23 19:42:24,552 [Thread-3:4672] [django.request:170] [base:get_response] [WARNING]- Not Found: /favicon.ico
2016-05-23 19:42:24,572 [Thread-4:5708] [django.request:170] [base:get_response] [WARNING]- Not Found: /favicon.ico
2016-05-23 19:42:46,390 [Thread-5:5736] [django.request:256] [base:handle_uncaught_exception] [ERROR]- Internal Server Error: /
Traceback (most recent call last):
  File "E:\workspace\blog_project_venv\lib\site-packages\django-1.8.2-py2.7.egg\django\core\handlers\base.py", line 132, in get_response
    response = wrapped_callback(request, *callback_args, **callback_kwargs)
  File "E:\workspace\blog_project\blog\views.py", line 19, in index
    return render(request,'index.html',locals())
  File "E:\workspace\blog_project_venv\lib\site-packages\django-1.8.2-py2.7.egg\django\shortcuts.py", line 67, in render
    template_name, context, request=request, using=using)
  File "E:\workspace\blog_project_venv\lib\site-packages\django-1.8.2-py2.7.egg\django\template\loader.py", line 99, in render_to_string
    return template.render(context, request)
  File "E:\workspace\blog_project_venv\lib\site-packages\django-1.8.2-py2.7.egg\django\template\backends\django.py", line 74, in render
    return self.template.render(context)
  File "E:\workspace\blog_project_venv\lib\site-packages\django-1.8.2-py2.7.egg\django\template\base.py", line 209, in render
    return self._render(context)
  File "E:\workspace\blog_project_venv\lib\site-packages\django-1.8.2-py2.7.egg\django\template\base.py", line 201, in _render
    return self.nodelist.render(context)
  File "E:\workspace\blog_project_venv\lib\site-packages\django-1.8.2-py2.7.egg\django\template\base.py", line 903, in render
    bit = self.render_node(node, context)
  File "E:\workspace\blog_project_venv\lib\site-packages\django-1.8.2-py2.7.egg\django\template\debug.py", line 79, in render_node
    return node.render(context)
  File "E:\workspace\blog_project_venv\lib\site-packages\django-1.8.2-py2.7.egg\django\templatetags\static.py", line 105, in render
    url = self.url(context)
  File "E:\workspace\blog_project_venv\lib\site-packages\django-1.8.2-py2.7.egg\django\contrib\staticfiles\templatetags\staticfiles.py", line 16, in url
    return static(path)
  File "E:\workspace\blog_project_venv\lib\site-packages\django-1.8.2-py2.7.egg\django\contrib\staticfiles\templatetags\staticfiles.py", line 9, in static
    return staticfiles_storage.url(path)
  File "E:\workspace\blog_project_venv\lib\site-packages\django-1.8.2-py2.7.egg\django\utils\functional.py", line 226, in inner
    self._setup()
  File "E:\workspace\blog_project_venv\lib\site-packages\django-1.8.2-py2.7.egg\django\contrib\staticfiles\storage.py", line 394, in _setup
    self._wrapped = get_storage_class(settings.STATICFILES_STORAGE)()
  File "E:\workspace\blog_project_venv\lib\site-packages\django-1.8.2-py2.7.egg\django\contrib\staticfiles\storage.py", line 39, in __init__
    *args, **kwargs)
  File "E:\workspace\blog_project_venv\lib\site-packages\django-1.8.2-py2.7.egg\django\core\files\storage.py", line 186, in __init__
    self.location = abspathu(self.base_location)
  File "E:\workspace\blog_project_venv\lib\ntpath.py", line 488, in abspath
    path = _getfullpathname(path)
TypeError: coercing to Unicode: need string or buffer, tuple found
2016-05-23 19:42:55,595 [Thread-6:2648] [django.request:256] [base:handle_uncaught_exception] [ERROR]- Internal Server Error: /admin/
Traceback (most recent call last):
  File "E:\workspace\blog_project_venv\lib\site-packages\django-1.8.2-py2.7.egg\django\core\handlers\base.py", line 164, in get_response
    response = response.render()
  File "E:\workspace\blog_project_venv\lib\site-packages\django-1.8.2-py2.7.egg\django\template\response.py", line 158, in render
    self.content = self.rendered_content
  File "E:\workspace\blog_project_venv\lib\site-packages\django-1.8.2-py2.7.egg\django\template\response.py", line 135, in rendered_content
    content = template.render(context, self._request)
  File "E:\workspace\blog_project_venv\lib\site-packages\django-1.8.2-py2.7.egg\django\template\backends\django.py", line 74, in render
    return self.template.render(context)
  File "E:\workspace\blog_project_venv\lib\site-packages\django-1.8.2-py2.7.egg\django\template\base.py", line 209, in render
    return self._render(context)
  File "E:\workspace\blog_project_venv\lib\site-packages\django-1.8.2-py2.7.egg\django\template\base.py", line 201, in _render
    return self.nodelist.render(context)
  File "E:\workspace\blog_project_venv\lib\site-packages\django-1.8.2-py2.7.egg\django\template\base.py", line 903, in render
    bit = self.render_node(node, context)
  File "E:\workspace\blog_project_venv\lib\site-packages\django-1.8.2-py2.7.egg\django\template\debug.py", line 79, in render_node
    return node.render(context)
  File "E:\workspace\blog_project_venv\lib\site-packages\django-1.8.2-py2.7.egg\django\template\loader_tags.py", line 135, in render
    return compiled_parent._render(context)
  File "E:\workspace\blog_project_venv\lib\site-packages\django-1.8.2-py2.7.egg\django\template\base.py", line 201, in _render
    return self.nodelist.render(context)
  File "E:\workspace\blog_project_venv\lib\site-packages\django-1.8.2-py2.7.egg\django\template\base.py", line 903, in render
    bit = self.render_node(node, context)
  File "E:\workspace\blog_project_venv\lib\site-packages\django-1.8.2-py2.7.egg\django\template\debug.py", line 79, in render_node
    return node.render(context)
  File "E:\workspace\blog_project_venv\lib\site-packages\django-1.8.2-py2.7.egg\django\template\loader_tags.py", line 135, in render
    return compiled_parent._render(context)
  File "E:\workspace\blog_project_venv\lib\site-packages\django-1.8.2-py2.7.egg\django\template\base.py", line 201, in _render
    return self.nodelist.render(context)
  File "E:\workspace\blog_project_venv\lib\site-packages\django-1.8.2-py2.7.egg\django\template\base.py", line 903, in render
    bit = self.render_node(node, context)
  File "E:\workspace\blog_project_venv\lib\site-packages\django-1.8.2-py2.7.egg\django\template\debug.py", line 79, in render_node
    return node.render(context)
  File "E:\workspace\blog_project_venv\lib\site-packages\django-1.8.2-py2.7.egg\django\template\loader_tags.py", line 65, in render
    result = block.nodelist.render(context)
  File "E:\workspace\blog_project_venv\lib\site-packages\django-1.8.2-py2.7.egg\django\template\base.py", line 903, in render
    bit = self.render_node(node, context)
  File "E:\workspace\blog_project_venv\lib\site-packages\django-1.8.2-py2.7.egg\django\template\debug.py", line 79, in render_node
    return node.render(context)
  File "E:\workspace\blog_project_venv\lib\site-packages\django-1.8.2-py2.7.egg\django\template\base.py", line 1195, in render
    return func(*resolved_args, **resolved_kwargs)
  File "E:\workspace\blog_project_venv\lib\site-packages\django-1.8.2-py2.7.egg\django\contrib\admin\templatetags\admin_static.py", line 17, in static
    return _static(path)
  File "E:\workspace\blog_project_venv\lib\site-packages\django-1.8.2-py2.7.egg\django\contrib\staticfiles\templatetags\staticfiles.py", line 9, in static
    return staticfiles_storage.url(path)
  File "E:\workspace\blog_project_venv\lib\site-packages\django-1.8.2-py2.7.egg\django\utils\functional.py", line 226, in inner
    self._setup()
  File "E:\workspace\blog_project_venv\lib\site-packages\django-1.8.2-py2.7.egg\django\contrib\staticfiles\storage.py", line 394, in _setup
    self._wrapped = get_storage_class(settings.STATICFILES_STORAGE)()
  File "E:\workspace\blog_project_venv\lib\site-packages\django-1.8.2-py2.7.egg\django\contrib\staticfiles\storage.py", line 39, in __init__
    *args, **kwargs)
  File "E:\workspace\blog_project_venv\lib\site-packages\django-1.8.2-py2.7.egg\django\core\files\storage.py", line 186, in __init__
    self.location = abspathu(self.base_location)
  File "E:\workspace\blog_project_venv\lib\ntpath.py", line 488, in abspath
    path = _getfullpathname(path)
TypeError: coercing to Unicode: need string or buffer, tuple found
2016-05-23 19:43:44,572 [Thread-7:3688] [django.request:256] [base:handle_uncaught_exception] [ERROR]- Internal Server Error: /
Traceback (most recent call last):
  File "E:\workspace\blog_project_venv\lib\site-packages\django-1.8.2-py2.7.egg\django\core\handlers\base.py", line 132, in get_response
    response = wrapped_callback(request, *callback_args, **callback_kwargs)
  File "E:\workspace\blog_project\blog\views.py", line 19, in index
    return render(request,'index.html',locals())
  File "E:\workspace\blog_project_venv\lib\site-packages\django-1.8.2-py2.7.egg\django\shortcuts.py", line 67, in render
    template_name, context, request=request, using=using)
  File "E:\workspace\blog_project_venv\lib\site-packages\django-1.8.2-py2.7.egg\django\template\loader.py", line 99, in render_to_string
    return template.render(context, request)
  File "E:\workspace\blog_project_venv\lib\site-packages\django-1.8.2-py2.7.egg\django\template\backends\django.py", line 74, in render
    return self.template.render(context)
  File "E:\workspace\blog_project_venv\lib\site-packages\django-1.8.2-py2.7.egg\django\template\base.py", line 209, in render
    return self._render(context)
  File "E:\workspace\blog_project_venv\lib\site-packages\django-1.8.2-py2.7.egg\django\template\base.py", line 201, in _render
    return self.nodelist.render(context)
  File "E:\workspace\blog_project_venv\lib\site-packages\django-1.8.2-py2.7.egg\django\template\base.py", line 903, in render
    bit = self.render_node(node, context)
  File "E:\workspace\blog_project_venv\lib\site-packages\django-1.8.2-py2.7.egg\django\template\debug.py", line 79, in render_node
    return node.render(context)
  File "E:\workspace\blog_project_venv\lib\site-packages\django-1.8.2-py2.7.egg\django\templatetags\static.py", line 105, in render
    url = self.url(context)
  File "E:\workspace\blog_project_venv\lib\site-packages\django-1.8.2-py2.7.egg\django\contrib\staticfiles\templatetags\staticfiles.py", line 16, in url
    return static(path)
  File "E:\workspace\blog_project_venv\lib\site-packages\django-1.8.2-py2.7.egg\django\contrib\staticfiles\templatetags\staticfiles.py", line 9, in static
    return staticfiles_storage.url(path)
  File "E:\workspace\blog_project_venv\lib\site-packages\django-1.8.2-py2.7.egg\django\utils\functional.py", line 226, in inner
    self._setup()
  File "E:\workspace\blog_project_venv\lib\site-packages\django-1.8.2-py2.7.egg\django\contrib\staticfiles\storage.py", line 394, in _setup
    self._wrapped = get_storage_class(settings.STATICFILES_STORAGE)()
  File "E:\workspace\blog_project_venv\lib\site-packages\django-1.8.2-py2.7.egg\django\contrib\staticfiles\storage.py", line 39, in __init__
    *args, **kwargs)
  File "E:\workspace\blog_project_venv\lib\site-packages\django-1.8.2-py2.7.egg\django\core\files\storage.py", line 186, in __init__
    self.location = abspathu(self.base_location)
  File "E:\workspace\blog_project_venv\lib\ntpath.py", line 488, in abspath
    path = _getfullpathname(path)
TypeError: coercing to Unicode: need string or buffer, tuple found
2016-05-23 19:46:40,101 [Thread-2:5444] [django.request:256] [base:handle_uncaught_exception] [ERROR]- Internal Server Error: /
Traceback (most recent call last):
  File "E:\workspace\blog_project_venv\lib\site-packages\django-1.8.2-py2.7.egg\django\core\handlers\base.py", line 132, in get_response
    response = wrapped_callback(request, *callback_args, **callback_kwargs)
  File "E:\workspace\blog_project\blog\views.py", line 19, in index
    return render(request,'index.html',locals())
  File "E:\workspace\blog_project_venv\lib\site-packages\django-1.8.2-py2.7.egg\django\shortcuts.py", line 67, in render
    template_name, context, request=request, using=using)
  File "E:\workspace\blog_project_venv\lib\site-packages\django-1.8.2-py2.7.egg\django\template\loader.py", line 99, in render_to_string
    return template.render(context, request)
  File "E:\workspace\blog_project_venv\lib\site-packages\django-1.8.2-py2.7.egg\django\template\backends\django.py", line 74, in render
    return self.template.render(context)
  File "E:\workspace\blog_project_venv\lib\site-packages\django-1.8.2-py2.7.egg\django\template\base.py", line 209, in render
    return self._render(context)
  File "E:\workspace\blog_project_venv\lib\site-packages\django-1.8.2-py2.7.egg\django\template\base.py", line 201, in _render
    return self.nodelist.render(context)
  File "E:\workspace\blog_project_venv\lib\site-packages\django-1.8.2-py2.7.egg\django\template\base.py", line 903, in render
    bit = self.render_node(node, context)
  File "E:\workspace\blog_project_venv\lib\site-packages\django-1.8.2-py2.7.egg\django\template\debug.py", line 79, in render_node
    return node.render(context)
  File "E:\workspace\blog_project_venv\lib\site-packages\django-1.8.2-py2.7.egg\django\templatetags\static.py", line 105, in render
    url = self.url(context)
  File "E:\workspace\blog_project_venv\lib\site-packages\django-1.8.2-py2.7.egg\django\contrib\staticfiles\templatetags\staticfiles.py", line 16, in url
    return static(path)
  File "E:\workspace\blog_project_venv\lib\site-packages\django-1.8.2-py2.7.egg\django\contrib\staticfiles\templatetags\staticfiles.py", line 9, in static
    return staticfiles_storage.url(path)
  File "E:\workspace\blog_project_venv\lib\site-packages\django-1.8.2-py2.7.egg\django\utils\functional.py", line 226, in inner
    self._setup()
  File "E:\workspace\blog_project_venv\lib\site-packages\django-1.8.2-py2.7.egg\django\contrib\staticfiles\storage.py", line 394, in _setup
    self._wrapped = get_storage_class(settings.STATICFILES_STORAGE)()
  File "E:\workspace\blog_project_venv\lib\site-packages\django-1.8.2-py2.7.egg\django\contrib\staticfiles\storage.py", line 39, in __init__
    *args, **kwargs)
  File "E:\workspace\blog_project_venv\lib\site-packages\django-1.8.2-py2.7.egg\django\core\files\storage.py", line 186, in __init__
    self.location = abspathu(self.base_location)
  File "E:\workspace\blog_project_venv\lib\ntpath.py", line 488, in abspath
    path = _getfullpathname(path)
TypeError: coercing to Unicode: need string or buffer, tuple found
2016-05-23 20:05:39,334 [Thread-3:10432] [django.request:256] [base:handle_uncaught_exception] [ERROR]- Internal Server Error: /
Traceback (most recent call last):
  File "E:\workspace\blog_project_venv\lib\site-packages\django-1.8.2-py2.7.egg\django\core\handlers\base.py", line 132, in get_response
    response = wrapped_callback(request, *callback_args, **callback_kwargs)
  File "E:\workspace\blog_project\blog\views.py", line 19, in index
    return render(request,'index.html',locals())
  File "E:\workspace\blog_project_venv\lib\site-packages\django-1.8.2-py2.7.egg\django\shortcuts.py", line 67, in render
    template_name, context, request=request, using=using)
  File "E:\workspace\blog_project_venv\lib\site-packages\django-1.8.2-py2.7.egg\django\template\loader.py", line 99, in render_to_string
    return template.render(context, request)
  File "E:\workspace\blog_project_venv\lib\site-packages\django-1.8.2-py2.7.egg\django\template\backends\django.py", line 74, in render
    return self.template.render(context)
  File "E:\workspace\blog_project_venv\lib\site-packages\django-1.8.2-py2.7.egg\django\template\base.py", line 209, in render
    return self._render(context)
  File "E:\workspace\blog_project_venv\lib\site-packages\django-1.8.2-py2.7.egg\django\template\base.py", line 201, in _render
    return self.nodelist.render(context)
  File "E:\workspace\blog_project_venv\lib\site-packages\django-1.8.2-py2.7.egg\django\template\base.py", line 903, in render
    bit = self.render_node(node, context)
  File "E:\workspace\blog_project_venv\lib\site-packages\django-1.8.2-py2.7.egg\django\template\debug.py", line 79, in render_node
    return node.render(context)
  File "E:\workspace\blog_project_venv\lib\site-packages\django-1.8.2-py2.7.egg\django\templatetags\static.py", line 105, in render
    url = self.url(context)
  File "E:\workspace\blog_project_venv\lib\site-packages\django-1.8.2-py2.7.egg\django\contrib\staticfiles\templatetags\staticfiles.py", line 16, in url
    return static(path)
  File "E:\workspace\blog_project_venv\lib\site-packages\django-1.8.2-py2.7.egg\django\contrib\staticfiles\templatetags\staticfiles.py", line 9, in static
    return staticfiles_storage.url(path)
  File "E:\workspace\blog_project_venv\lib\site-packages\django-1.8.2-py2.7.egg\django\utils\functional.py", line 226, in inner
    self._setup()
  File "E:\workspace\blog_project_venv\lib\site-packages\django-1.8.2-py2.7.egg\django\contrib\staticfiles\storage.py", line 394, in _setup
    self._wrapped = get_storage_class(settings.STATICFILES_STORAGE)()
  File "E:\workspace\blog_project_venv\lib\site-packages\django-1.8.2-py2.7.egg\django\contrib\staticfiles\storage.py", line 39, in __init__
    *args, **kwargs)
  File "E:\workspace\blog_project_venv\lib\site-packages\django-1.8.2-py2.7.egg\django\core\files\storage.py", line 186, in __init__
    self.location = abspathu(self.base_location)
  File "E:\workspace\blog_project_venv\lib\ntpath.py", line 488, in abspath
    path = _getfullpathname(path)
TypeError: coercing to Unicode: need string or buffer, tuple found
2016-05-23 20:05:39,783 [Thread-4:9220] [django.request:170] [base:get_response] [WARNING]- Not Found: /favicon.ico
2016-05-23 20:05:39,786 [Thread-5:5928] [django.request:170] [base:get_response] [WARNING]- Not Found: /favicon.ico
2016-05-23 20:11:01,434 [Thread-2:5460] [django.request:256] [base:handle_uncaught_exception] [ERROR]- Internal Server Error: /
Traceback (most recent call last):
  File "E:\workspace\blog_project_venv\lib\site-packages\django-1.8.2-py2.7.egg\django\core\handlers\base.py", line 132, in get_response
    response = wrapped_callback(request, *callback_args, **callback_kwargs)
  File "E:\workspace\blog_project\blog\views.py", line 19, in index
    return render(request,'index.html',locals())
  File "E:\workspace\blog_project_venv\lib\site-packages\django-1.8.2-py2.7.egg\django\shortcuts.py", line 67, in render
    template_name, context, request=request, using=using)
  File "E:\workspace\blog_project_venv\lib\site-packages\django-1.8.2-py2.7.egg\django\template\loader.py", line 99, in render_to_string
    return template.render(context, request)
  File "E:\workspace\blog_project_venv\lib\site-packages\django-1.8.2-py2.7.egg\django\template\backends\django.py", line 74, in render
    return self.template.render(context)
  File "E:\workspace\blog_project_venv\lib\site-packages\django-1.8.2-py2.7.egg\django\template\base.py", line 209, in render
    return self._render(context)
  File "E:\workspace\blog_project_venv\lib\site-packages\django-1.8.2-py2.7.egg\django\template\base.py", line 201, in _render
    return self.nodelist.render(context)
  File "E:\workspace\blog_project_venv\lib\site-packages\django-1.8.2-py2.7.egg\django\template\base.py", line 903, in render
    bit = self.render_node(node, context)
  File "E:\workspace\blog_project_venv\lib\site-packages\django-1.8.2-py2.7.egg\django\template\debug.py", line 79, in render_node
    return node.render(context)
  File "E:\workspace\blog_project_venv\lib\site-packages\django-1.8.2-py2.7.egg\django\templatetags\static.py", line 105, in render
    url = self.url(context)
  File "E:\workspace\blog_project_venv\lib\site-packages\django-1.8.2-py2.7.egg\django\contrib\staticfiles\templatetags\staticfiles.py", line 16, in url
    return static(path)
  File "E:\workspace\blog_project_venv\lib\site-packages\django-1.8.2-py2.7.egg\django\contrib\staticfiles\templatetags\staticfiles.py", line 9, in static
    return staticfiles_storage.url(path)
  File "E:\workspace\blog_project_venv\lib\site-packages\django-1.8.2-py2.7.egg\django\utils\functional.py", line 226, in inner
    self._setup()
  File "E:\workspace\blog_project_venv\lib\site-packages\django-1.8.2-py2.7.egg\django\contrib\staticfiles\storage.py", line 394, in _setup
    self._wrapped = get_storage_class(settings.STATICFILES_STORAGE)()
  File "E:\workspace\blog_project_venv\lib\site-packages\django-1.8.2-py2.7.egg\django\contrib\staticfiles\storage.py", line 39, in __init__
    *args, **kwargs)
  File "E:\workspace\blog_project_venv\lib\site-packages\django-1.8.2-py2.7.egg\django\core\files\storage.py", line 186, in __init__
    self.location = abspathu(self.base_location)
  File "E:\workspace\blog_project_venv\lib\ntpath.py", line 488, in abspath
    path = _getfullpathname(path)
TypeError: coercing to Unicode: need string or buffer, tuple found
2016-05-23 20:14:45,983 [Thread-3:6308] [django.request:256] [base:handle_uncaught_exception] [ERROR]- Internal Server Error: /
Traceback (most recent call last):
  File "E:\workspace\blog_project_venv\lib\site-packages\django-1.8.2-py2.7.egg\django\core\handlers\base.py", line 132, in get_response
    response = wrapped_callback(request, *callback_args, **callback_kwargs)
  File "E:\workspace\blog_project\blog\views.py", line 19, in index
    return render(request,'index.html',locals())
  File "E:\workspace\blog_project_venv\lib\site-packages\django-1.8.2-py2.7.egg\django\shortcuts.py", line 67, in render
    template_name, context, request=request, using=using)
  File "E:\workspace\blog_project_venv\lib\site-packages\django-1.8.2-py2.7.egg\django\template\loader.py", line 99, in render_to_string
    return template.render(context, request)
  File "E:\workspace\blog_project_venv\lib\site-packages\django-1.8.2-py2.7.egg\django\template\backends\django.py", line 74, in render
    return self.template.render(context)
  File "E:\workspace\blog_project_venv\lib\site-packages\django-1.8.2-py2.7.egg\django\template\base.py", line 209, in render
    return self._render(context)
  File "E:\workspace\blog_project_venv\lib\site-packages\django-1.8.2-py2.7.egg\django\template\base.py", line 201, in _render
    return self.nodelist.render(context)
  File "E:\workspace\blog_project_venv\lib\site-packages\django-1.8.2-py2.7.egg\django\template\base.py", line 903, in render
    bit = self.render_node(node, context)
  File "E:\workspace\blog_project_venv\lib\site-packages\django-1.8.2-py2.7.egg\django\template\debug.py", line 79, in render_node
    return node.render(context)
  File "E:\workspace\blog_project_venv\lib\site-packages\django-1.8.2-py2.7.egg\django\templatetags\static.py", line 105, in render
    url = self.url(context)
  File "E:\workspace\blog_project_venv\lib\site-packages\django-1.8.2-py2.7.egg\django\contrib\staticfiles\templatetags\staticfiles.py", line 16, in url
    return static(path)
  File "E:\workspace\blog_project_venv\lib\site-packages\django-1.8.2-py2.7.egg\django\contrib\staticfiles\templatetags\staticfiles.py", line 9, in static
    return staticfiles_storage.url(path)
  File "E:\workspace\blog_project_venv\lib\site-packages\django-1.8.2-py2.7.egg\django\utils\functional.py", line 226, in inner
    self._setup()
  File "E:\workspace\blog_project_venv\lib\site-packages\django-1.8.2-py2.7.egg\django\contrib\staticfiles\storage.py", line 394, in _setup
    self._wrapped = get_storage_class(settings.STATICFILES_STORAGE)()
  File "E:\workspace\blog_project_venv\lib\site-packages\django-1.8.2-py2.7.egg\django\contrib\staticfiles\storage.py", line 39, in __init__
    *args, **kwargs)
  File "E:\workspace\blog_project_venv\lib\site-packages\django-1.8.2-py2.7.egg\django\core\files\storage.py", line 186, in __init__
    self.location = abspathu(self.base_location)
  File "E:\workspace\blog_project_venv\lib\ntpath.py", line 488, in abspath
    path = _getfullpathname(path)
TypeError: coercing to Unicode: need string or buffer, tuple found
2016-05-23 20:15:47,226 [Thread-2:8072] [django.request:256] [base:handle_uncaught_exception] [ERROR]- Internal Server Error: /
Traceback (most recent call last):
  File "E:\workspace\blog_project_venv\lib\site-packages\django-1.8.2-py2.7.egg\django\core\handlers\base.py", line 132, in get_response
    response = wrapped_callback(request, *callback_args, **callback_kwargs)
  File "E:\workspace\blog_project\blog\views.py", line 19, in index
    return render(request,'index.html',locals())
  File "E:\workspace\blog_project_venv\lib\site-packages\django-1.8.2-py2.7.egg\django\shortcuts.py", line 67, in render
    template_name, context, request=request, using=using)
  File "E:\workspace\blog_project_venv\lib\site-packages\django-1.8.2-py2.7.egg\django\template\loader.py", line 99, in render_to_string
    return template.render(context, request)
  File "E:\workspace\blog_project_venv\lib\site-packages\django-1.8.2-py2.7.egg\django\template\backends\django.py", line 74, in render
    return self.template.render(context)
  File "E:\workspace\blog_project_venv\lib\site-packages\django-1.8.2-py2.7.egg\django\template\base.py", line 209, in render
    return self._render(context)
  File "E:\workspace\blog_project_venv\lib\site-packages\django-1.8.2-py2.7.egg\django\template\base.py", line 201, in _render
    return self.nodelist.render(context)
  File "E:\workspace\blog_project_venv\lib\site-packages\django-1.8.2-py2.7.egg\django\template\base.py", line 903, in render
    bit = self.render_node(node, context)
  File "E:\workspace\blog_project_venv\lib\site-packages\django-1.8.2-py2.7.egg\django\template\debug.py", line 79, in render_node
    return node.render(context)
  File "E:\workspace\blog_project_venv\lib\site-packages\django-1.8.2-py2.7.egg\django\templatetags\static.py", line 105, in render
    url = self.url(context)
  File "E:\workspace\blog_project_venv\lib\site-packages\django-1.8.2-py2.7.egg\django\contrib\staticfiles\templatetags\staticfiles.py", line 16, in url
    return static(path)
  File "E:\workspace\blog_project_venv\lib\site-packages\django-1.8.2-py2.7.egg\django\contrib\staticfiles\templatetags\staticfiles.py", line 9, in static
    return staticfiles_storage.url(path)
  File "E:\workspace\blog_project_venv\lib\site-packages\django-1.8.2-py2.7.egg\django\utils\functional.py", line 226, in inner
    self._setup()
  File "E:\workspace\blog_project_venv\lib\site-packages\django-1.8.2-py2.7.egg\django\contrib\staticfiles\storage.py", line 394, in _setup
    self._wrapped = get_storage_class(settings.STATICFILES_STORAGE)()
  File "E:\workspace\blog_project_venv\lib\site-packages\django-1.8.2-py2.7.egg\django\contrib\staticfiles\storage.py", line 39, in __init__
    *args, **kwargs)
  File "E:\workspace\blog_project_venv\lib\site-packages\django-1.8.2-py2.7.egg\django\core\files\storage.py", line 186, in __init__
    self.location = abspathu(self.base_location)
  File "E:\workspace\blog_project_venv\lib\ntpath.py", line 488, in abspath
    path = _getfullpathname(path)
TypeError: coercing to Unicode: need string or buffer, tuple found
2016-05-23 20:15:49,986 [Thread-3:5508] [django.request:256] [base:handle_uncaught_exception] [ERROR]- Internal Server Error: /
Traceback (most recent call last):
  File "E:\workspace\blog_project_venv\lib\site-packages\django-1.8.2-py2.7.egg\django\core\handlers\base.py", line 132, in get_response
    response = wrapped_callback(request, *callback_args, **callback_kwargs)
  File "E:\workspace\blog_project\blog\views.py", line 19, in index
    return render(request,'index.html',locals())
  File "E:\workspace\blog_project_venv\lib\site-packages\django-1.8.2-py2.7.egg\django\shortcuts.py", line 67, in render
    template_name, context, request=request, using=using)
  File "E:\workspace\blog_project_venv\lib\site-packages\django-1.8.2-py2.7.egg\django\template\loader.py", line 99, in render_to_string
    return template.render(context, request)
  File "E:\workspace\blog_project_venv\lib\site-packages\django-1.8.2-py2.7.egg\django\template\backends\django.py", line 74, in render
    return self.template.render(context)
  File "E:\workspace\blog_project_venv\lib\site-packages\django-1.8.2-py2.7.egg\django\template\base.py", line 209, in render
    return self._render(context)
  File "E:\workspace\blog_project_venv\lib\site-packages\django-1.8.2-py2.7.egg\django\template\base.py", line 201, in _render
    return self.nodelist.render(context)
  File "E:\workspace\blog_project_venv\lib\site-packages\django-1.8.2-py2.7.egg\django\template\base.py", line 903, in render
    bit = self.render_node(node, context)
  File "E:\workspace\blog_project_venv\lib\site-packages\django-1.8.2-py2.7.egg\django\template\debug.py", line 79, in render_node
    return node.render(context)
  File "E:\workspace\blog_project_venv\lib\site-packages\django-1.8.2-py2.7.egg\django\templatetags\static.py", line 105, in render
    url = self.url(context)
  File "E:\workspace\blog_project_venv\lib\site-packages\django-1.8.2-py2.7.egg\django\contrib\staticfiles\templatetags\staticfiles.py", line 16, in url
    return static(path)
  File "E:\workspace\blog_project_venv\lib\site-packages\django-1.8.2-py2.7.egg\django\contrib\staticfiles\templatetags\staticfiles.py", line 9, in static
    return staticfiles_storage.url(path)
  File "E:\workspace\blog_project_venv\lib\site-packages\django-1.8.2-py2.7.egg\django\utils\functional.py", line 226, in inner
    self._setup()
  File "E:\workspace\blog_project_venv\lib\site-packages\django-1.8.2-py2.7.egg\django\contrib\staticfiles\storage.py", line 394, in _setup
    self._wrapped = get_storage_class(settings.STATICFILES_STORAGE)()
  File "E:\workspace\blog_project_venv\lib\site-packages\django-1.8.2-py2.7.egg\django\contrib\staticfiles\storage.py", line 39, in __init__
    *args, **kwargs)
  File "E:\workspace\blog_project_venv\lib\site-packages\django-1.8.2-py2.7.egg\django\core\files\storage.py", line 186, in __init__
    self.location = abspathu(self.base_location)
  File "E:\workspace\blog_project_venv\lib\ntpath.py", line 488, in abspath
    path = _getfullpathname(path)
TypeError: coercing to Unicode: need string or buffer, tuple found
2016-05-23 20:15:53,701 [Thread-4:5296] [django.request:256] [base:handle_uncaught_exception] [ERROR]- Internal Server Error: /
Traceback (most recent call last):
  File "E:\workspace\blog_project_venv\lib\site-packages\django-1.8.2-py2.7.egg\django\core\handlers\base.py", line 132, in get_response
    response = wrapped_callback(request, *callback_args, **callback_kwargs)
  File "E:\workspace\blog_project\blog\views.py", line 19, in index
    return render(request,'index.html',locals())
  File "E:\workspace\blog_project_venv\lib\site-packages\django-1.8.2-py2.7.egg\django\shortcuts.py", line 67, in render
    template_name, context, request=request, using=using)
  File "E:\workspace\blog_project_venv\lib\site-packages\django-1.8.2-py2.7.egg\django\template\loader.py", line 99, in render_to_string
    return template.render(context, request)
  File "E:\workspace\blog_project_venv\lib\site-packages\django-1.8.2-py2.7.egg\django\template\backends\django.py", line 74, in render
    return self.template.render(context)
  File "E:\workspace\blog_project_venv\lib\site-packages\django-1.8.2-py2.7.egg\django\template\base.py", line 209, in render
    return self._render(context)
  File "E:\workspace\blog_project_venv\lib\site-packages\django-1.8.2-py2.7.egg\django\template\base.py", line 201, in _render
    return self.nodelist.render(context)
  File "E:\workspace\blog_project_venv\lib\site-packages\django-1.8.2-py2.7.egg\django\template\base.py", line 903, in render
    bit = self.render_node(node, context)
  File "E:\workspace\blog_project_venv\lib\site-packages\django-1.8.2-py2.7.egg\django\template\debug.py", line 79, in render_node
    return node.render(context)
  File "E:\workspace\blog_project_venv\lib\site-packages\django-1.8.2-py2.7.egg\django\templatetags\static.py", line 105, in render
    url = self.url(context)
  File "E:\workspace\blog_project_venv\lib\site-packages\django-1.8.2-py2.7.egg\django\contrib\staticfiles\templatetags\staticfiles.py", line 16, in url
    return static(path)
  File "E:\workspace\blog_project_venv\lib\site-packages\django-1.8.2-py2.7.egg\django\contrib\staticfiles\templatetags\staticfiles.py", line 9, in static
    return staticfiles_storage.url(path)
  File "E:\workspace\blog_project_venv\lib\site-packages\django-1.8.2-py2.7.egg\django\utils\functional.py", line 226, in inner
    self._setup()
  File "E:\workspace\blog_project_venv\lib\site-packages\django-1.8.2-py2.7.egg\django\contrib\staticfiles\storage.py", line 394, in _setup
    self._wrapped = get_storage_class(settings.STATICFILES_STORAGE)()
  File "E:\workspace\blog_project_venv\lib\site-packages\django-1.8.2-py2.7.egg\django\contrib\staticfiles\storage.py", line 39, in __init__
    *args, **kwargs)
  File "E:\workspace\blog_project_venv\lib\site-packages\django-1.8.2-py2.7.egg\django\core\files\storage.py", line 186, in __init__
    self.location = abspathu(self.base_location)
  File "E:\workspace\blog_project_venv\lib\ntpath.py", line 488, in abspath
    path = _getfullpathname(path)
TypeError: coercing to Unicode: need string or buffer, tuple found
2016-05-23 20:22:05,496 [Thread-2:596] [django.request:256] [base:handle_uncaught_exception] [ERROR]- Internal Server Error: /
Traceback (most recent call last):
  File "E:\workspace\blog_project_venv\lib\site-packages\django-1.8.2-py2.7.egg\django\core\handlers\base.py", line 132, in get_response
    response = wrapped_callback(request, *callback_args, **callback_kwargs)
  File "E:\workspace\blog_project\blog\views.py", line 19, in index
    return render(request,'index.html',locals())
  File "E:\workspace\blog_project_venv\lib\site-packages\django-1.8.2-py2.7.egg\django\shortcuts.py", line 67, in render
    template_name, context, request=request, using=using)
  File "E:\workspace\blog_project_venv\lib\site-packages\django-1.8.2-py2.7.egg\django\template\loader.py", line 99, in render_to_string
    return template.render(context, request)
  File "E:\workspace\blog_project_venv\lib\site-packages\django-1.8.2-py2.7.egg\django\template\backends\django.py", line 74, in render
    return self.template.render(context)
  File "E:\workspace\blog_project_venv\lib\site-packages\django-1.8.2-py2.7.egg\django\template\base.py", line 209, in render
    return self._render(context)
  File "E:\workspace\blog_project_venv\lib\site-packages\django-1.8.2-py2.7.egg\django\template\base.py", line 201, in _render
    return self.nodelist.render(context)
  File "E:\workspace\blog_project_venv\lib\site-packages\django-1.8.2-py2.7.egg\django\template\base.py", line 903, in render
    bit = self.render_node(node, context)
  File "E:\workspace\blog_project_venv\lib\site-packages\django-1.8.2-py2.7.egg\django\template\debug.py", line 79, in render_node
    return node.render(context)
  File "E:\workspace\blog_project_venv\lib\site-packages\django-1.8.2-py2.7.egg\django\templatetags\static.py", line 105, in render
    url = self.url(context)
  File "E:\workspace\blog_project_venv\lib\site-packages\django-1.8.2-py2.7.egg\django\contrib\staticfiles\templatetags\staticfiles.py", line 16, in url
    return static(path)
  File "E:\workspace\blog_project_venv\lib\site-packages\django-1.8.2-py2.7.egg\django\contrib\staticfiles\templatetags\staticfiles.py", line 9, in static
    return staticfiles_storage.url(path)
  File "E:\workspace\blog_project_venv\lib\site-packages\django-1.8.2-py2.7.egg\django\utils\functional.py", line 226, in inner
    self._setup()
  File "E:\workspace\blog_project_venv\lib\site-packages\django-1.8.2-py2.7.egg\django\contrib\staticfiles\storage.py", line 394, in _setup
    self._wrapped = get_storage_class(settings.STATICFILES_STORAGE)()
  File "E:\workspace\blog_project_venv\lib\site-packages\django-1.8.2-py2.7.egg\django\contrib\staticfiles\storage.py", line 39, in __init__
    *args, **kwargs)
  File "E:\workspace\blog_project_venv\lib\site-packages\django-1.8.2-py2.7.egg\django\core\files\storage.py", line 186, in __init__
    self.location = abspathu(self.base_location)
  File "E:\workspace\blog_project_venv\lib\ntpath.py", line 488, in abspath
    path = _getfullpathname(path)
TypeError: coercing to Unicode: need string or buffer, tuple found
2016-05-23 20:22:11,648 [Thread-3:10288] [django.request:256] [base:handle_uncaught_exception] [ERROR]- Internal Server Error: /
Traceback (most recent call last):
  File "E:\workspace\blog_project_venv\lib\site-packages\django-1.8.2-py2.7.egg\django\core\handlers\base.py", line 132, in get_response
    response = wrapped_callback(request, *callback_args, **callback_kwargs)
  File "E:\workspace\blog_project\blog\views.py", line 19, in index
    return render(request,'index.html',locals())
  File "E:\workspace\blog_project_venv\lib\site-packages\django-1.8.2-py2.7.egg\django\shortcuts.py", line 67, in render
    template_name, context, request=request, using=using)
  File "E:\workspace\blog_project_venv\lib\site-packages\django-1.8.2-py2.7.egg\django\template\loader.py", line 99, in render_to_string
    return template.render(context, request)
  File "E:\workspace\blog_project_venv\lib\site-packages\django-1.8.2-py2.7.egg\django\template\backends\django.py", line 74, in render
    return self.template.render(context)
  File "E:\workspace\blog_project_venv\lib\site-packages\django-1.8.2-py2.7.egg\django\template\base.py", line 209, in render
    return self._render(context)
  File "E:\workspace\blog_project_venv\lib\site-packages\django-1.8.2-py2.7.egg\django\template\base.py", line 201, in _render
    return self.nodelist.render(context)
  File "E:\workspace\blog_project_venv\lib\site-packages\django-1.8.2-py2.7.egg\django\template\base.py", line 903, in render
    bit = self.render_node(node, context)
  File "E:\workspace\blog_project_venv\lib\site-packages\django-1.8.2-py2.7.egg\django\template\debug.py", line 79, in render_node
    return node.render(context)
  File "E:\workspace\blog_project_venv\lib\site-packages\django-1.8.2-py2.7.egg\django\templatetags\static.py", line 105, in render
    url = self.url(context)
  File "E:\workspace\blog_project_venv\lib\site-packages\django-1.8.2-py2.7.egg\django\contrib\staticfiles\templatetags\staticfiles.py", line 16, in url
    return static(path)
  File "E:\workspace\blog_project_venv\lib\site-packages\django-1.8.2-py2.7.egg\django\contrib\staticfiles\templatetags\staticfiles.py", line 9, in static
    return staticfiles_storage.url(path)
  File "E:\workspace\blog_project_venv\lib\site-packages\django-1.8.2-py2.7.egg\django\utils\functional.py", line 226, in inner
    self._setup()
  File "E:\workspace\blog_project_venv\lib\site-packages\django-1.8.2-py2.7.egg\django\contrib\staticfiles\storage.py", line 394, in _setup
    self._wrapped = get_storage_class(settings.STATICFILES_STORAGE)()
  File "E:\workspace\blog_project_venv\lib\site-packages\django-1.8.2-py2.7.egg\django\contrib\staticfiles\storage.py", line 39, in __init__
    *args, **kwargs)
  File "E:\workspace\blog_project_venv\lib\site-packages\django-1.8.2-py2.7.egg\django\core\files\storage.py", line 186, in __init__
    self.location = abspathu(self.base_location)
  File "E:\workspace\blog_project_venv\lib\ntpath.py", line 488, in abspath
    path = _getfullpathname(path)
TypeError: coercing to Unicode: need string or buffer, tuple found
2016-05-23 20:22:32,944 [Thread-8:4852] [django.request:170] [base:get_response] [WARNING]- Not Found: /js/nav.js
2016-05-23 20:22:33,749 [Thread-7:10672] [django.request:170] [base:get_response] [WARNING]- Not Found: /images/a1.jpg
2016-05-23 20:22:33,767 [Thread-9:10684] [django.request:170] [base:get_response] [WARNING]- Not Found: /images/a2.jpg
2016-05-23 20:22:33,769 [Thread-10:2608] [django.request:170] [base:get_response] [WARNING]- Not Found: /images/a3.jpg
2016-05-23 20:22:33,769 [Thread-11:3832] [django.request:170] [base:get_response] [WARNING]- Not Found: /images/a4.jpg
2016-05-23 20:22:33,793 [Thread-12:3384] [django.request:170] [base:get_response] [WARNING]- Not Found: /js/nav.js
2016-05-23 20:22:33,811 [Thread-13:11228] [django.request:170] [base:get_response] [WARNING]- Not Found: /images/a1.jpg
2016-05-23 20:22:33,813 [Thread-14:8360] [django.request:170] [base:get_response] [WARNING]- Not Found: /images/a3.jpg
2016-05-23 20:22:33,816 [Thread-15:5996] [django.request:170] [base:get_response] [WARNING]- Not Found: /images/a2.jpg
2016-05-23 20:22:33,818 [Thread-16:2224] [django.request:170] [base:get_response] [WARNING]- Not Found: /images/a4.jpg
2016-05-23 20:26:24,164 [Thread-62:6572] [django.request:170] [base:get_response] [WARNING]- Not Found: /images/a1.jpg
2016-05-23 20:26:24,167 [Thread-61:9072] [django.request:170] [base:get_response] [WARNING]- Not Found: /images/a2.jpg
2016-05-23 20:26:24,168 [Thread-60:5824] [django.request:170] [base:get_response] [WARNING]- Not Found: /images/a3.jpg
2016-05-23 20:26:24,171 [Thread-67:9156] [django.request:170] [base:get_response] [WARNING]- Not Found: /images/a4.jpg
2016-05-23 20:26:24,186 [Thread-66:1276] [django.request:170] [base:get_response] [WARNING]- Not Found: /js/nav.js
2016-05-23 20:26:24,233 [Thread-65:5664] [django.request:170] [base:get_response] [WARNING]- Not Found: /images/a1.jpg
2016-05-23 20:26:24,278 [Thread-64:616] [django.request:170] [base:get_response] [WARNING]- Not Found: /images/a2.jpg
2016-05-23 20:26:24,279 [Thread-63:5260] [django.request:170] [base:get_response] [WARNING]- Not Found: /images/a3.jpg
2016-05-23 20:26:24,283 [Thread-68:6384] [django.request:170] [base:get_response] [WARNING]- Not Found: /images/a4.jpg
2016-05-23 20:34:45,290 [Thread-118:9512] [django.request:170] [base:get_response] [WARNING]- Not Found: /uploads/avatar/2016/05
2016-05-23 20:48:04,365 [Thread-3:1044] [django.request:170] [base:get_response] [WARNING]- Not Found: /js/nav.js
2016-05-23 20:48:04,369 [Thread-4:3024] [django.request:170] [base:get_response] [WARNING]- Not Found: /images/a1.jpg
2016-05-23 20:48:04,378 [Thread-5:9092] [django.request:170] [base:get_response] [WARNING]- Not Found: /images/a2.jpg
2016-05-23 20:48:04,382 [Thread-6:3724] [django.request:170] [base:get_response] [WARNING]- Not Found: /images/a3.jpg
2016-05-23 20:48:04,388 [Thread-7:9064] [django.request:170] [base:get_response] [WARNING]- Not Found: /images/a4.jpg
2016-05-23 20:48:04,523 [Thread-8:2772] [django.request:170] [base:get_response] [WARNING]- Not Found: /js/nav.js
2016-05-23 20:48:04,545 [Thread-9:10196] [django.request:170] [base:get_response] [WARNING]- Not Found: /images/a1.jpg
2016-05-23 20:48:04,555 [Thread-10:9548] [django.request:170] [base:get_response] [WARNING]- Not Found: /images/a2.jpg
2016-05-23 20:48:04,575 [Thread-11:10764] [django.request:170] [base:get_response] [WARNING]- Not Found: /images/a3.jpg
2016-05-23 20:48:04,575 [Thread-12:1220] [django.request:170] [base:get_response] [WARNING]- Not Found: /images/a4.jpg
2016-05-23 20:55:23,322 [Thread-32:4932] [django.request:170] [base:get_response] [WARNING]- Not Found: /images/a1.jpg
2016-05-23 20:55:23,351 [Thread-33:2900] [django.request:170] [base:get_response] [WARNING]- Not Found: /js/nav.js
2016-05-23 20:55:23,358 [Thread-34:1040] [django.request:170] [base:get_response] [WARNING]- Not Found: /images/a4.jpg
2016-05-23 20:55:23,361 [Thread-35:5264] [django.request:170] [base:get_response] [WARNING]- Not Found: /images/a2.jpg
2016-05-23 20:55:23,362 [Thread-36:9332] [django.request:170] [base:get_response] [WARNING]- Not Found: /images/a3.jpg
2016-05-23 20:55:23,437 [Thread-37:1516] [django.request:170] [base:get_response] [WARNING]- Not Found: /images/a1.jpg
2016-05-27 12:36:51,290 [Thread-7:6832] [django.request:170] [base:get_response] [WARNING]- Not Found: /js/nav.js
2016-05-27 12:36:52,301 [Thread-8:23164] [django.request:170] [base:get_response] [WARNING]- Not Found: /images/a1.jpg
2016-05-27 12:36:52,311 [Thread-9:30384] [django.request:170] [base:get_response] [WARNING]- Not Found: /images/a2.jpg
2016-05-27 12:36:52,318 [Thread-10:30616] [django.request:170] [base:get_response] [WARNING]- Not Found: /images/a3.jpg
2016-05-27 12:36:52,321 [Thread-11:23492] [django.request:170] [base:get_response] [WARNING]- Not Found: /images/a4.jpg
2016-05-27 12:36:52,357 [Thread-12:2304] [django.request:170] [base:get_response] [WARNING]- Not Found: /js/nav.js
2016-05-27 12:36:52,381 [Thread-13:27080] [django.request:170] [base:get_response] [WARNING]- Not Found: /images/a1.jpg
2016-05-27 12:36:52,390 [Thread-14:26792] [django.request:170] [base:get_response] [WARNING]- Not Found: /images/a2.jpg
2016-05-27 12:36:52,391 [Thread-15:14512] [django.request:170] [base:get_response] [WARNING]- Not Found: /images/a4.jpg
2016-05-27 12:36:52,395 [Thread-16:23140] [django.request:170] [base:get_response] [WARNING]- Not Found: /images/a3.jpg
2016-05-27 12:36:53,267 [Thread-30:30824] [django.request:170] [base:get_response] [WARNING]- Not Found: /favicon.ico
2016-05-27 12:36:53,305 [Thread-31:2428] [django.request:170] [base:get_response] [WARNING]- Not Found: /favicon.ico
2016-05-27 12:37:58,015 [Thread-7:29984] [django.request:170] [base:get_response] [WARNING]- Not Found: /js/nav.js
2016-05-27 12:37:58,877 [Thread-8:12184] [django.request:170] [base:get_response] [WARNING]- Not Found: /js/nav.js
2016-05-27 12:38:51,664 [Thread-14:23768] [django.request:170] [base:get_response] [WARNING]- Not Found: /js/nav.js
2016-05-27 12:38:52,536 [Thread-15:27504] [django.request:170] [base:get_response] [WARNING]- Not Found: /images/a1.jpg
2016-05-27 12:38:52,546 [Thread-16:28852] [django.request:170] [base:get_response] [WARNING]- Not Found: /images/a2.jpg
2016-05-27 12:38:52,555 [Thread-17:5804] [django.request:170] [base:get_response] [WARNING]- Not Found: /images/a3.jpg
2016-05-27 12:38:52,558 [Thread-18:31272] [django.request:170] [base:get_response] [WARNING]- Not Found: /images/a4.jpg
2016-05-27 12:38:52,582 [Thread-19:11864] [django.request:170] [base:get_response] [WARNING]- Not Found: /js/nav.js
2016-05-27 12:38:52,598 [Thread-20:30328] [django.request:170] [base:get_response] [WARNING]- Not Found: /images/a1.jpg
2016-05-27 12:38:52,605 [Thread-21:23056] [django.request:170] [base:get_response] [WARNING]- Not Found: /images/a2.jpg
2016-05-27 12:38:52,608 [Thread-22:27584] [django.request:170] [base:get_response] [WARNING]- Not Found: /images/a3.jpg
2016-05-27 12:38:52,609 [Thread-23:18924] [django.request:170] [base:get_response] [WARNING]- Not Found: /images/a4.jpg
2016-05-27 12:43:58,470 [Thread-42:19304] [django.request:170] [base:get_response] [WARNING]- Not Found: /js/nav.js
2016-05-27 12:44:04,460 [Thread-68:15744] [django.request:170] [base:get_response] [WARNING]- Not Found: /js/nav.js
2016-05-27 12:44:04,496 [Thread-69:24700] [django.request:170] [base:get_response] [WARNING]- Not Found: /js/nav.js
2016-05-27 12:44:39,477 [Thread-84:9576] [django.request:256] [base:handle_uncaught_exception] [ERROR]- Internal Server Error: /
Traceback (most recent call last):
  File "E:\workspace\blog_project_venv\lib\site-packages\django-1.8.2-py2.7.egg\django\core\handlers\base.py", line 132, in get_response
    response = wrapped_callback(request, *callback_args, **callback_kwargs)
  File "E:\workspace\blog_project\blog\views.py", line 19, in index
    return render(request,'index.html',locals())
  File "E:\workspace\blog_project_venv\lib\site-packages\django-1.8.2-py2.7.egg\django\shortcuts.py", line 67, in render
    template_name, context, request=request, using=using)
  File "E:\workspace\blog_project_venv\lib\site-packages\django-1.8.2-py2.7.egg\django\template\loader.py", line 99, in render_to_string
    return template.render(context, request)
  File "E:\workspace\blog_project_venv\lib\site-packages\django-1.8.2-py2.7.egg\django\template\backends\django.py", line 74, in render
    return self.template.render(context)
  File "E:\workspace\blog_project_venv\lib\site-packages\django-1.8.2-py2.7.egg\django\template\base.py", line 209, in render
    return self._render(context)
  File "E:\workspace\blog_project_venv\lib\site-packages\django-1.8.2-py2.7.egg\django\template\base.py", line 201, in _render
    return self.nodelist.render(context)
  File "E:\workspace\blog_project_venv\lib\site-packages\django-1.8.2-py2.7.egg\django\template\base.py", line 903, in render
    bit = self.render_node(node, context)
  File "E:\workspace\blog_project_venv\lib\site-packages\django-1.8.2-py2.7.egg\django\template\debug.py", line 79, in render_node
    return node.render(context)
  File "E:\workspace\blog_project_venv\lib\site-packages\django-1.8.2-py2.7.egg\django\template\loader_tags.py", line 135, in render
    return compiled_parent._render(context)
  File "E:\workspace\blog_project_venv\lib\site-packages\django-1.8.2-py2.7.egg\django\template\base.py", line 201, in _render
    return self.nodelist.render(context)
  File "E:\workspace\blog_project_venv\lib\site-packages\django-1.8.2-py2.7.egg\django\template\base.py", line 903, in render
    bit = self.render_node(node, context)
  File "E:\workspace\blog_project_venv\lib\site-packages\django-1.8.2-py2.7.egg\django\template\debug.py", line 79, in render_node
    return node.render(context)
  File "E:\workspace\blog_project_venv\lib\site-packages\django-1.8.2-py2.7.egg\django\template\loader_tags.py", line 65, in render
    result = block.nodelist.render(context)
  File "E:\workspace\blog_project_venv\lib\site-packages\django-1.8.2-py2.7.egg\django\template\base.py", line 903, in render
    bit = self.render_node(node, context)
  File "E:\workspace\blog_project_venv\lib\site-packages\django-1.8.2-py2.7.egg\django\template\debug.py", line 79, in render_node
    return node.render(context)
  File "E:\workspace\blog_project_venv\lib\site-packages\django-1.8.2-py2.7.egg\django\template\loader_tags.py", line 151, in render
    template = context.template.engine.get_template(template)
  File "E:\workspace\blog_project_venv\lib\site-packages\django-1.8.2-py2.7.egg\django\template\engine.py", line 167, in get_template
    template, origin = self.find_template(template_name, dirs)
  File "E:\workspace\blog_project_venv\lib\site-packages\django-1.8.2-py2.7.egg\django\template\engine.py", line 146, in find_template
    raise TemplateDoesNotExist(name)
TemplateDoesNotExist
2016-05-27 12:45:06,598 [Thread-94:5380] [django.request:170] [base:get_response] [WARNING]- Not Found: /js/nav.js
2016-05-27 12:45:06,611 [Thread-95:17824] [django.request:170] [base:get_response] [WARNING]- Not Found: /images/a1.jpg
2016-05-27 12:45:06,618 [Thread-96:16724] [django.request:170] [base:get_response] [WARNING]- Not Found: /images/a2.jpg
2016-05-27 12:45:06,622 [Thread-97:19740] [django.request:170] [base:get_response] [WARNING]- Not Found: /images/a3.jpg
2016-05-27 12:45:06,630 [Thread-98:24064] [django.request:170] [base:get_response] [WARNING]- Not Found: /images/a4.jpg
2016-05-27 12:45:06,734 [Thread-99:20472] [django.request:170] [base:get_response] [WARNING]- Not Found: /js/nav.js
2016-05-27 12:45:06,802 [Thread-100:19876] [django.request:170] [base:get_response] [WARNING]- Not Found: /images/a1.jpg
2016-05-27 12:45:06,806 [Thread-101:20308] [django.request:170] [base:get_response] [WARNING]- Not Found: /images/a2.jpg
2016-05-27 12:45:06,811 [Thread-102:17132] [django.request:170] [base:get_response] [WARNING]- Not Found: /images/a3.jpg
2016-05-27 12:45:06,812 [Thread-103:20148] [django.request:170] [base:get_response] [WARNING]- Not Found: /images/a4.jpg
2016-05-27 13:01:32,045 [Thread-7:9708] [django.request:170] [base:get_response] [WARNING]- Not Found: /js/nav.js
2016-05-27 13:01:32,928 [Thread-8:23876] [django.request:170] [base:get_response] [WARNING]- Not Found: /images/a1.jpg
2016-05-27 13:01:32,976 [Thread-9:18724] [django.request:170] [base:get_response] [WARNING]- Not Found: /images/a2.jpg
2016-05-27 13:01:32,984 [Thread-10:4692] [django.request:170] [base:get_response] [WARNING]- Not Found: /images/a3.jpg
2016-05-27 13:01:32,990 [Thread-11:11476] [django.request:170] [base:get_response] [WARNING]- Not Found: /images/a4.jpg
2016-05-27 13:01:32,993 [Thread-12:22612] [django.request:170] [base:get_response] [WARNING]- Not Found: /js/nav.js
2016-05-27 13:01:33,036 [Thread-13:15184] [django.request:170] [base:get_response] [WARNING]- Not Found: /images/a1.jpg
2016-05-27 13:01:33,039 [Thread-14:24716] [django.request:170] [base:get_response] [WARNING]- Not Found: /images/a2.jpg
2016-05-27 13:01:33,042 [Thread-15:4800] [django.request:170] [base:get_response] [WARNING]- Not Found: /images/a4.jpg
2016-05-27 13:01:33,045 [Thread-16:9764] [django.request:170] [base:get_response] [WARNING]- Not Found: /images/a3.jpg
2016-05-27 13:01:55,381 [Thread-43:8668] [django.request:170] [base:get_response] [WARNING]- Not Found: /js/nav.js
2016-05-27 13:01:55,388 [Thread-44:31640] [django.request:170] [base:get_response] [WARNING]- Not Found: /images/a1.jpg
2016-05-27 13:01:55,407 [Thread-45:25940] [django.request:170] [base:get_response] [WARNING]- Not Found: /images/a2.jpg
2016-05-27 13:01:55,437 [Thread-46:26068] [django.request:170] [base:get_response] [WARNING]- Not Found: /images/a3.jpg
2016-05-27 13:01:55,448 [Thread-47:25044] [django.request:170] [base:get_response] [WARNING]- Not Found: /images/a4.jpg
2016-05-27 13:03:53,200 [Thread-106:16236] [django.request:170] [base:get_response] [WARNING]- Not Found: /images/a1.jpg
2016-05-27 13:03:53,203 [Thread-109:2588] [django.request:170] [base:get_response] [WARNING]- Not Found: /images/a2.jpg
2016-05-27 13:03:53,206 [Thread-108:10196] [django.request:170] [base:get_response] [WARNING]- Not Found: /images/a3.jpg
2016-05-27 13:03:53,207 [Thread-107:5972] [django.request:170] [base:get_response] [WARNING]- Not Found: /images/a4.jpg
2016-05-27 13:03:53,220 [Thread-110:6204] [django.request:170] [base:get_response] [WARNING]- Not Found: /js/nav.js
